{
  "stats": {
    "suites": 1,
    "tests": 2,
    "passes": 2,
    "pending": 0,
    "failures": 0,
    "start": "2025-04-18T14:49:35.527Z",
    "end": "2025-04-18T14:49:43.801Z",
    "duration": 8274,
    "testsRegistered": 2,
    "passPercent": 100,
    "pendingPercent": 0,
    "other": 0,
    "hasOther": false,
    "skipped": 0,
    "hasSkipped": false
  },
  "results": [
    {
      "uuid": "abb21fb3-04fd-4ef7-80d2-bc1ea065fe42",
      "title": "",
      "fullFile": "C:\\Users\\aaazh\\Downloads\\SauceTestDemo\\tests\\sauce.js",
      "file": "\\tests\\sauce.js",
      "beforeHooks": [],
      "afterHooks": [],
      "tests": [],
      "suites": [
        {
          "uuid": "77a92521-cc0b-4e8a-871e-15f1edecf557",
          "title": "Sauce Labs Test",
          "fullFile": "C:\\Users\\aaazh\\Downloads\\SauceTestDemo\\tests\\sauce.js",
          "file": "\\tests\\sauce.js",
          "beforeHooks": [],
          "afterHooks": [],
          "tests": [
            {
              "title": "Test Case Login",
              "fullTitle": "Sauce Labs Test Test Case Login",
              "timedOut": false,
              "duration": 4235,
              "state": "passed",
              "speed": "slow",
              "pass": true,
              "fail": false,
              "pending": false,
              "context": null,
              "code": "driver=await new Builder().forBrowser('chrome').build();\nawait driver.get('https://www.saucedemo.com/');\n// await driver.sleep(5000); // Wait for 5 seconds to ensure the page loads completely\nawait driver.wait(until.titleIs('Swag Labs'), 10000);                                               //Assertion titel\nlet uname = await driver.findElement(By.css('[data-test=\"username\"]'));\nlet pass = await driver.findElement(By.css('[data-test=\"password\"]'));\nlet login = await driver.findElement(By.xpath('//div[@class=\"login-box\"]/form/input'));\nawait uname.sendKeys('standard_user');\nawait pass.sendKeys('secret_sauce');\nawait login.click();\nawait assert.strictEqual(await driver.getTitle(), 'Swag Labs', 'Beda Gan'); //Assertion titel selesai login\nlet fotoProduk = await driver.wait(\n    until.elementLocated(By.xpath('//img[@alt=\"Sauce Labs Backpack\"]')), 10000); \nawait fotoProduk.isDisplayed()                                                                      //Assertion foto produk\nawait driver.sleep(2000);\nawait driver.quit();",
              "err": {},
              "uuid": "ceee7ff3-69a0-45d4-b9d8-edd4e43c4c69",
              "parentUUID": "77a92521-cc0b-4e8a-871e-15f1edecf557",
              "isHook": false,
              "skipped": false
            },
            {
              "title": "Cek Produk List Z-A",
              "fullTitle": "Sauce Labs Test Cek Produk List Z-A",
              "timedOut": false,
              "duration": 4034,
              "state": "passed",
              "speed": "slow",
              "pass": true,
              "fail": false,
              "pending": false,
              "context": null,
              "code": "driver=await new Builder().forBrowser('chrome').build();\nawait driver.get('https://www.saucedemo.com/');\n// await driver.sleep(5000); // Wait for 5 seconds to ensure the page loads completely\nawait driver.wait(until.titleIs('Swag Labs'), 10000);                                               //Assert the title of the page\nlet uname = await driver.findElement(By.css('[data-test=\"username\"]'));\nlet pass = await driver.findElement(By.css('[data-test=\"password\"]'));\nlet login = await driver.findElement(By.xpath('//div[@class=\"login-box\"]/form/input'));\nawait uname.sendKeys('standard_user');\nawait pass.sendKeys('secret_sauce');\nawait login.click();\nawait assert.strictEqual(await driver.getTitle(), 'Swag Labs', 'Beda Gan'); //Assert the title of the page after login\nlet sort = await driver.findElement(By.css('*[data-test=\"product-sort-container\"]'));\nawait sort.click();\nlet sortAtoZ = await driver.findElement(By.xpath('//option[@value=\"za\"]'));\nawait sortAtoZ.click();                                                    \nlet produk1 = await driver.findElement(By.xpath('//div[@class=\"inventory_item\"][1]//div[@data-test=\"inventory-item-name\"]'));\nlet produk2 = await driver.findElement(By.xpath('//div[@class=\"inventory_item\"][2]//div[@data-test=\"inventory-item-name\"]'));\nlet produk6 = await driver.findElement(By.xpath('//div[@class=\"inventory_item\"][6]//div[@data-test=\"inventory-item-name\"]'));\n                                                                                                    //Assertion ambil produk 1,2,6\nawait assert.strictEqual(await produk1.getText(), 'Test.allTheThings() T-Shirt (Red)', 'Beda Gan'); \nawait assert.strictEqual(await produk2.getText(), 'Sauce Labs Onesie', 'Beda Gan'); \nawait assert.strictEqual(await produk6.getText(), 'Sauce Labs Backpack', 'Beda Gan'); \nawait driver.sleep(2000);        \nawait driver.quit();",
              "err": {},
              "uuid": "2a17d5ca-a9af-45e2-8ff9-155ed243050b",
              "parentUUID": "77a92521-cc0b-4e8a-871e-15f1edecf557",
              "isHook": false,
              "skipped": false
            }
          ],
          "suites": [],
          "passes": [
            "ceee7ff3-69a0-45d4-b9d8-edd4e43c4c69",
            "2a17d5ca-a9af-45e2-8ff9-155ed243050b"
          ],
          "failures": [],
          "pending": [],
          "skipped": [],
          "duration": 8269,
          "root": false,
          "rootEmpty": false,
          "_timeout": 50000
        }
      ],
      "passes": [],
      "failures": [],
      "pending": [],
      "skipped": [],
      "duration": 0,
      "root": true,
      "rootEmpty": true,
      "_timeout": 50000
    }
  ],
  "meta": {
    "mocha": {
      "version": "10.8.2"
    },
    "mochawesome": {
      "options": {
        "quiet": false,
        "reportFilename": "mochawesome",
        "saveHtml": true,
        "saveJson": true,
        "consoleReporter": "spec",
        "useInlineDiffs": false,
        "code": true
      },
      "version": "7.1.3"
    },
    "marge": {
      "options": null,
      "version": "6.2.0"
    }
  }
}